<?xml version="1.0" encoding="UTF-8"?>
<testng-results skipped="0" failed="0" total="2" passed="2">
  <reporter-output>
  </reporter-output>
  <suite name="Default suite" duration-ms="42660" started-at="2020-12-02T10:53:59Z" finished-at="2020-12-02T10:54:42Z">
    <groups>
    </groups>
    <test name="Default test" duration-ms="42660" started-at="2020-12-02T10:53:59Z" finished-at="2020-12-02T10:54:42Z">
      <class name="banker_testcase.Rrun_Banker_Testcase">
        <test-method status="PASS" signature="beforeClass()[pri:0, instance:banker_testcase.Rrun_Banker_Testcase@56f4468b]" name="beforeClass" is-config="true" duration-ms="8172" started-at="2020-12-02T16:23:59Z" finished-at="2020-12-02T16:24:08Z">
          <reporter-output>
          </reporter-output>
        </test-method> <!-- beforeClass -->
        <test-method status="PASS" signature="Login_As_Banker()[pri:0, instance:banker_testcase.Rrun_Banker_Testcase@56f4468b]" name="Login_As_Banker" duration-ms="21742" started-at="2020-12-02T16:24:08Z" finished-at="2020-12-02T16:24:29Z">
          <reporter-output>
          </reporter-output>
        </test-method> <!-- Login_As_Banker -->
        <test-method status="PASS" signature="afterMethod(java.lang.reflect.Method)[pri:0, instance:banker_testcase.Rrun_Banker_Testcase@56f4468b]" name="afterMethod" is-config="true" duration-ms="418" started-at="2020-12-02T16:24:29Z" finished-at="2020-12-02T16:24:30Z">
          <params>
            <param index="0">
              <value>
                <![CDATA[public void banker_testcase.Rrun_Banker_Testcase.Login_As_Banker()]]>
              </value>
            </param>
          </params>
          <reporter-output>
          </reporter-output>
        </test-method> <!-- afterMethod -->
        <test-method status="PASS" signature="Tc021_Valid_Account_Details()[pri:0, instance:banker_testcase.Rrun_Banker_Testcase@56f4468b]" name="Tc021_Valid_Account_Details" duration-ms="1314" started-at="2020-12-02T16:24:30Z" depends-on-methods="banker_testcase.Rrun_Banker_Testcase.Login_As_Banker" finished-at="2020-12-02T16:24:31Z">
          <reporter-output>
          </reporter-output>
        </test-method> <!-- Tc021_Valid_Account_Details -->
        <test-method status="PASS" signature="afterMethod(java.lang.reflect.Method)[pri:0, instance:banker_testcase.Rrun_Banker_Testcase@56f4468b]" name="afterMethod" is-config="true" duration-ms="315" started-at="2020-12-02T16:24:31Z" finished-at="2020-12-02T16:24:31Z">
          <params>
            <param index="0">
              <value>
                <![CDATA[public void banker_testcase.Rrun_Banker_Testcase.Tc021_Valid_Account_Details()]]>
              </value>
            </param>
          </params>
          <reporter-output>
          </reporter-output>
        </test-method> <!-- afterMethod -->
        <test-method status="PASS" signature="afterClass()[pri:0, instance:banker_testcase.Rrun_Banker_Testcase@56f4468b]" name="afterClass" is-config="true" duration-ms="10666" started-at="2020-12-02T16:24:31Z" finished-at="2020-12-02T16:24:42Z">
          <reporter-output>
          </reporter-output>
        </test-method> <!-- afterClass -->
      </class> <!-- banker_testcase.Rrun_Banker_Testcase -->
    </test> <!-- Default test -->
  </suite> <!-- Default suite -->
</testng-results>
